Processing row: ??????#??#?????????#??#?????????#??#?????????#??#?????????#??#??
Found 6444 arrangements
Processing row: ?#????##.#.????#????##.#.????#????##.#.????#????##.#.????#????##.#.??
Found 162 arrangements
Processing row: ????#?#?##???.?????#?#?##???.?????#?#?##???.?????#?#?##???.?????#?#?##???.
Found 1719 arrangements
Processing row: .??????????.??????????.??????????.??????????.?????????
Found 18683879 arrangements
Processing row: ????##?#?##???????##?#?##???????##?#?##???????##?#?##???????##?#?##??
Found 1875 arrangements
Processing row: .?.##????.?.??.?.##????.?.??.?.##????.?.??.?.##????.?.??.?.##????.?.?
Found 1250 arrangements
Processing row: ..#?????????..??##?..#?????????..??##?..#?????????..??##?..#?????????..??##?..#?????????..??##
Found 4050000 arrangements
Processing row: ??#?#.??#????#?#.??#????#?#.??#????#?#.??#????#?#.??#?
Found 162 arrangements
Processing row: ???.?..?#.????.?..?#.????.?..?#.????.?..?#.????.?..?#.
Found 16 arrangements
Processing row: ?#??????#???#????#???#??????#???#????#???#??????#???#????#???#??????#???#????#???#??????#???#????#?
Found 16 arrangements
Processing row: ?.?#?#???##???.?#?#???##???.?#?#???##???.?#?#???##???.?#?#???##?
Found 162 arrangements
Processing row: ???#??.??#?????#??.??#?????#??.??#?????#??.??#?????#??.??#?
Found 39366 arrangements
Processing row: .?##??#??#.?#??.?##??#??#.?#??.?##??#??#.?#??.?##??#??#.?#??.?##??#??#.?#?
Found 16 arrangements
Processing row: ????##?###?#???#??????##?###?#???#??????##?###?#???#??????##?###?#???#??????##?###?#???#?
Found 2538 arrangements
Processing row: .?..#???????...?.?..#???????...?.?..#???????...?.?..#???????...?.?..#???????...
Found 16 arrangements
Processing row: ?#?.??#???????#?.??#???????#?.??#???????#?.??#???????#?.??#?????
Found 173876 arrangements
Processing row: ?.??????#?????..????.??????#?????..????.??????#?????..????.??????#?????..????.??????#?????..??
