Processing row: ?????.#??#????????.#??#????????.#??#????????.#??#????????.#??#??
Found 6941421 arrangements
Processing row: ?.?.?#..##??.?.?#..##??.?.?#..##??.?.?#..##??.?.?#..##
Found 1 arrangements
Processing row: #?#??#?.##???.???#??#?#??#?.##???.???#??#?#??#?.##???.???#??#?#??#?.##???.???#??#?#??#?.##???.???#?
Found 1024 arrangements
Processing row: ?..????#??##?#???..????#??##?#???..????#??##?#???..????#??##?#???..????#??##?#?
Found 16 arrangements
Processing row: .?#??.??#???.?.?#??.??#???.?.?#??.??#???.?.?#??.??#???.?.?#??.??#???.
Found 32 arrangements
Processing row: .???#??????.???#??????.???#??????.???#??????.???#?????
Found 10354598 arrangements
Processing row: ?..?#??#?????.???..?#??#?????.???..?#??#?????.???..?#??#?????.???..?#??#?????.?
Found 4800 arrangements
Processing row: ????#???.???????#???.???????#???.???????#???.???????#???.??
Found 201700 arrangements
Processing row: #?#.????##?#?#.????##?#?#.????##?#?#.????##?#?#.????##
Found 68 arrangements
Processing row: ???????#?#?#??????????#?#?#??????????#?#?#??????????#?#?#??????????#?#?#??
Found 3454 arrangements
Processing row: ??##????.?.?.??.????##????.?.?.??.????##????.?.?.??.????##????.?.?.??.????##????.?.?.??.?
Found 66667976 arrangements
Processing row: ???#?#????.?#?????#?#????.?#?????#?#????.?#?????#?#????.?#?????#?#????.?#?
Found 139086 arrangements
Processing row: ???.???#.?#?????#?.????.???#.?#?????#?.????.???#.?#?????#?.????.???#.?#?????#?.????.???#.?#?????#?.
Found 1 arrangements
Processing row: ?????????..#??#???#??????????..#??#???#??????????..#??#???#??????????..#??#???#??????????..#??#???#
Found 655360 arrangements
Processing row: .?.?????#?.????##?.?.?????#?.????##?.?.?????#?.????##?.?.?????#?.????##?.?.?????#?.????##
Found 243 arrangements
Processing row: ?#?#??#.?#????.#.???#?#??#.?#????.#.???#?#??#.?#????.#.???#?#??#.?#????.#.???#?#??#.?#????.#.?
Found 16 arrangements
Processing row: ?#??.?#??#??.?????#??.?#??#??.?????#??.?#??#??.?????#??.?#??#??.?????#??.?#??#??.???
Found 9604 arrangements
Processing row: ??#?????.????????#?????.????????#?????.????????#?????.????????#?????.?????
Found 28190508 arrangements
Processing row: ..#???.?????..#???.?????..#???.?????..#???.?????..#???.????
Found 2500 arrangements
Processing row: ????#??###???#?##?#.?????#??###???#?##?#.?????#??###???#?##?#.?????#??###???#?##?#.?????#??###???#?##?#.
Found 256 arrangements
Processing row: ???????#???????###?????????#???????###?????????#???????###?????????#???????###?????????#???????###?
Found 768 arrangements
Processing row: ?#????.?????#??##?..??#????.?????#??##?..??#????.?????#??##?..??#????.?????#??##?..??#????.?????#??##?..
Found 162 arrangements
Processing row: ??????#???#?.???????#???#?.???????#???#?.???????#???#?.???????#???#?.
Found 14005 arrangements
Processing row: ???..??#?..????..??#?..????..??#?..????..??#?..????..??#?..
Found 16 arrangements
Processing row: ???###?..?#??.????###?..?#??.????###?..?#??.????###?..?#??.????###?..?#??.
Found 32 arrangements
Processing row: ???????????#???##.????????????#???##.????????????#???##.????????????#???##.????????????#???##.
Found 26244 arrangements
Processing row: .??#?.???#??.??#?.???#??.??#?.???#??.??#?.???#??.??#?.???#?
Found 243 arrangements
Processing row: #?#?????#?.#??.###???#?#?????#?.#??.###???#?#?????#?.#??.###???#?#?????#?.#??.###???#?#?????#?.#??.###??
Found 1250 arrangements
Processing row: .?#.?#?#?.?#??.?#.?#?#?.?#??.?#.?#?#?.?#??.?#.?#?#?.?#??.?#.?#?#?.?#?
Found 32 arrangements
Processing row: ?#??????.#.?#????#??????.#.?#????#??????.#.?#????#??????.#.?#????#??????.#.?#??
Found 12005 arrangements
Processing row: ..##??.?#?###?#??#.?..##??.?#?###?#??#.?..##??.?#?###?#??#.?..##??.?#?###?#??#.?..##??.?#?###?#??#.
Found 1 arrangements
Processing row: ???.???#???.?#?????.???#???.?#?????.???#???.?#?????.???#???.?#?????.???#???.?#?
