Processing row: ?#.???.???.##?#?.??#.???.???.##?#?.??#.???.???.##?#?.??#.???.???.##?#?.??#.???.???.##?#?.
Found 501126 arrangements
Processing row: ??????.?#??#???.????????.?#??#???.????????.?#??#???.????????.?#??#???.????????.?#??#???.?
Found 458752 arrangements
Processing row: ?????#???#.#??#??????#???#.#??#??????#???#.#??#??????#???#.#??#??????#???#.#??#
Found 243 arrangements
Processing row: #???#?##????#???#?##????#???#?##????#???#?##????#???#?##???
Found 16 arrangements
Processing row: ?#.?????#??##???.??#.?????#??##???.??#.?????#??##???.??#.?????#??##???.??#.?????#??##???.
Found 21438 arrangements
Processing row: ??????#?#?#??#???????#?#?#??#???????#?#?#??#???????#?#?#??#???????#?#?#??#
Found 745 arrangements
Processing row: ???#.#????.#????#.#????.#????#.#????.#????#.#????.#????#.#????.#
Found 32 arrangements
Processing row: ..#??##???.#?.?..#??##???.#?.?..#??##???.#?.?..#??##???.#?.?..#??##???.#?.
Found 32 arrangements
Processing row: ???.??#?.#..????.??#?.#..????.??#?.#..????.??#?.#..????.??#?.#..
Found 103974 arrangements
Processing row: ....?#?.?????###???.?....?#?.?????###???.?....?#?.?????###???.?....?#?.?????###???.?....?#?.?????###???.
Found 52488 arrangements
Processing row: ???.?.?#.?????????#?????.?.?#.?????????#?????.?.?#.?????????#?????.?.?#.?????????#?????.?.?#.?????????#?
