Processing row: .???.??#?.#????#?.???.???.??#?.#????#?.???.???.??#?.#????#?.???.???.??#?.#????#?.???.???.??#?.#????#?.??
Found 668168 arrangements
Processing row: ..?##??#???.?????..?##??#???.?????..?##??#???.?????..?##??#???.?????..?##??#???.????
Found 5184 arrangements
Processing row: ..?.???#.??????..?.???#.??????..?.???#.??????..?.???#.??????..?.???#.?????
Found 2618986 arrangements
Processing row: ??.?.?????#?#.???.?.?????#?#.???.?.?????#?#.???.?.?????#?#.???.?.?????#?#.
Found 768 arrangements
Processing row: ?##????????????##????????????##????????????##????????????##??????????
Found 7092560 arrangements
Processing row: #..???.?.#???#..???.?.#???#..???.?.#???#..???.?.#???#..???.?.#??
Found 1 arrangements
Processing row: ?##???#.????##???#.????##???#.????##???#.????##???#.??
Found 16 arrangements
Processing row: ??..??..???.?##???..??..???.?##???..??..???.?##???..??..???.?##???..??..???.?##
Found 1024 arrangements
Processing row: ?????????#??##??.??????????#??##??.??????????#??##??.??????????#??##??.??????????#??##??.
Found 635472 arrangements
Processing row: ?.?##????.???#??.?##????.???#??.?##????.???#??.?##????.???#??.?##????.???#
Found 151875 arrangements
Processing row: ???????????.?##??????????????.?##??????????????.?##??????????????.?##??????????????.?##??
Found 384160 arrangements
Processing row: ?#???##??????#???##??????#???##??????#???##??????#???##????
Found 3384 arrangements
Processing row: .??#?#??.?????????.??#?#??.?????????.??#?#??.?????????.??#?#??.?????????.??#?#??.????????
