Processing row: ????????.?#???#??##??????????.?#???#??##??????????.?#???#??##??????????.?#???#??##??????????.?#???#??##?
Found 1024 arrangements
Processing row: ??#?.#????#?#????#?.#????#?#????#?.#????#?#????#?.#????#?#????#?.#????#?#?
Found 32 arrangements
Processing row: .?????#???????.?????#???????.?????#???????.?????#???????.?????#??????
Found 256 arrangements
Processing row: ???.?.???#..??.????.?.???#..??.????.?.???#..??.????.?.???#..??.????.?.???#..??.
Found 12772 arrangements
Processing row: ?#.?#??#????.????#.?#??#????.????#.?#??#????.????#.?#??#????.????#.?#??#????.??
Found 893343 arrangements
Processing row: ?##?..?????#??##?##???##?..?????#??##?##???##?..?????#??##?##???##?..?????#??##?##???##?..?????#??##?##?
Found 2500 arrangements
Processing row: #?#?.?#??????.?#?#?.?#??????.?#?#?.?#??????.?#?#?.?#??????.?#?#?.?#??????.
Found 3888 arrangements
Processing row: ???????.???.#?.??????????.???.#?.??????????.???.#?.??????????.???.#?.??????????.???.#?.??
Found 5184 arrangements
Processing row: ##??..?#????##??..?#????##??..?#????##??..?#????##??..?#???
Found 1250 arrangements
Processing row: ?#???????#????.????#???????#????.????#???????#????.????#???????#????.????#???????#????.??
Found 1 arrangements
Processing row: ?##?##????.###.????##?##????.###.????##?##????.###.????##?##????.###.????##?##????.###.??
Found 5184 arrangements
Processing row: ??.???#?.????#.???.???#?.????#.???.???#?.????#.???.???#?.????#.???.???#?.????#.
Found 45927 arrangements
Processing row: ??.#.?###?????????.#.?###?????????.#.?###?????????.#.?###?????????.#.?###??????
Found 39366 arrangements
Processing row: ??#??????????#??????????#??????????#??????????#???????
Found 50607936 arrangements
Processing row: ?#.??????.?#.??#.??????.?#.??#.??????.?#.??#.??????.?#.??#.??????.?#.
Found 1353255 arrangements
Processing row: ?????#?????#?#????.??????#?????#?#????.??????#?????#?#????.??????#?????#?#????.??????#?????#?#????.
