Processing row: #???#?????.?#?.?#???#?????.?#?.?#???#?????.?#?.?#???#?????.?#?.?#???#?????.?#?.
Found 87489 arrangements
Processing row: #??#????#??????#??#????#??????#??#????#??????#??#????#??????#??#????#?????
Found 182331 arrangements
Processing row: ????..???.???#??##?.?????..???.???#??##?.?????..???.???#??##?.?????..???.???#??##?.?????..???.???#??##?.
Found 6365529 arrangements
Processing row: .?..?.????#?????.?..?.????#?????.?..?.????#?????.?..?.????#?????.?..?.????#????
Found 16487732 arrangements
Processing row: ???##?.?.???#..?#?#?????##?.?.???#..?#?#?????##?.?.???#..?#?#?????##?.?.???#..?#?#?????##?.?.???#..?#?#?
Found 5184 arrangements
Processing row: #?#?##?#?????#??#????#?#?##?#?????#??#????#?#?##?#?????#??#????#?#?##?#?????#??#????#?#?##?#?????#??#???
Found 2300 arrangements
Processing row: ???#????#?#???..?#????#????#?#???..?#????#????#?#???..?#????#????#?#???..?#????#????#?#???..?#
Found 1 arrangements
Processing row: .????????#????###?#?.????????#????###?#?.????????#????###?#?.????????#????###?#?.????????#????###?#
Found 1048576 arrangements
Processing row: ?#.?.????.##??#???#.?.????.##??#???#.?.????.##??#???#.?.????.##??#???#.?.????.##??#?
Found 162 arrangements
Processing row: ##.??????.??####.??##.??????.??####.??##.??????.??####.??##.??????.??####.??##.??????.??####.?
Found 3125 arrangements
Processing row: ??.??????#.?.????.??????#.?.????.??????#.?.????.??????#.?.????.??????#.?.?
Found 1250 arrangements
Processing row: #??#??.??#?#????#??#??.??#?#????#??#??.??#?#????#??#??.??#?#????#??#??.??#?#???
Found 768 arrangements
Processing row: ?.??#.##?##??#?.??.??#.##?##??#?.??.??#.##?##??#?.??.??#.##?##??#?.??.??#.##?##??#?.
Found 32 arrangements
Processing row: ??????.?##??##?#???????.?##??##?#???????.?##??##?#???????.?##??##?#???????.?##??##?#
Found 7776 arrangements
Processing row: ?.#??##???.??.#?????.#??##???.??.#?????.#??##???.??.#?????.#??##???.??.#?????.#??##???.??.#???
Found 512 arrangements
Processing row: .#????#????#???.#????#????#???.#????#????#???.#????#????#???.#????#????#??
Found 32 arrangements
Processing row: #???????#??#????#???????#??#????#???????#??#????#???????#??#????#???????#??#???
Found 745433 arrangements
Processing row: ?#??#????#.??????#??#????#.??????#??#????#.??????#??#????#.??????#??#????#.????
Found 512 arrangements
Processing row: ??????.?##.????????.?##.????????.?##.????????.?##.????????.?##.?
Found 13824 arrangements
Processing row: .?##?.??#?#????#???.?##?.??#?#????#???.?##?.??#?#????#???.?##?.??#?#????#???.?##?.??#?#????#??
Found 248832 arrangements
Processing row: ??..???.?#??????..???.?#??????..???.?#??????..???.?#??????..???.?#???
Found 793254 arrangements
Processing row: ????????#?????????????#?????????????#?????????????#?????????????#????
