Processing row: ?##..?#?#????##..?#?#????##..?#?#????##..?#?#????##..?#?#??
Found 32 arrangements
Processing row: ?##????.??????##????.??????##????.??????##????.??????##????.????
Found 178373 arrangements
Processing row: ?.??#?...?????.??#?...?????.??#?...?????.??#?...?????.??#?...???
Found 2592 arrangements
Processing row: ??????##??#????.#???????##??#????.#???????##??#????.#???????##??#????.#???????##??#????.#
Found 3125 arrangements
Processing row: .??.#??????#?####?.??.#??????#?####?.??.#??????#?####?.??.#??????#?####?.??.#??????#?####
Found 2592 arrangements
Processing row: ????#?##???#??????#?##???#??????#?##???#??????#?##???#??????#?##???#?
Found 2437 arrangements
Processing row: .??????#..?.?.??????#..?.?.??????#..?.?.??????#..?.?.??????#..?.
Found 15727842 arrangements
Processing row: ????????#??.?#?..#.??????????#??.?#?..#.??????????#??.?#?..#.??????????#??.?#?..#.??????????#??.?#?..#.?
Found 1920000 arrangements
Processing row: ?#???#?????##?????#???#?????##?????#???#?????##?????#???#?????##?????#???#?????##???
Found 1889568 arrangements
Processing row: ##??#...#???##??#...#???##??#...#???##??#...#???##??#...#??
Found 1 arrangements
Processing row: ?..?#?????..??..?#?????..??..?#?????..??..?#?????..??..?#?????..
Found 215609 arrangements
Processing row: .???????#???????.???????#???????.???????#???????.???????#???????.???????#??????
