Processing row: ???#..?#??????#..?#??????#..?#??????#..?#??????#..?#??
Found 13340 arrangements
Processing row: ??#?#??????#.#?#.????#?#??????#.#?#.????#?#??????#.#?#.????#?#??????#.#?#.????#?#??????#.#?#.?
Found 16 arrangements
Processing row: #?##???????????#?##???????????#?##???????????#?##???????????#?##??????????
Found 28315 arrangements
Processing row: ??###??#??????#?#?????###??#??????#?#?????###??#??????#?#?????###??#??????#?#?????###??#??????#?#??
Found 243 arrangements
Processing row: ##?#.#??#???##?#.#??#???##?#.#??#???##?#.#??#???##?#.#??#??
Found 1 arrangements
Processing row: ??#???#?#.????#???#?#.????#???#?#.????#???#?#.????#???#?#.?
Found 32 arrangements
Processing row: #?.?.??#?#.???#?.?.??#?#.???#?.?.??#?#.???#?.?.??#?#.???#?.?.??#?#.??
Found 987 arrangements
Processing row: ???#??.??..????#??.??..????#??.??..????#??.??..????#??.??..
Found 60943 arrangements
Processing row: ??#?..??????????#?..??????????#?..??????????#?..??????????#?..???????
Found 786432 arrangements
Processing row: .??.?#?.???.??#??.??.?#?.???.??#??.??.?#?.???.??#??.??.?#?.???.??#??.??.?#?.???.??#?
Found 3981312 arrangements
Processing row: .???#.#.?.??..?.???#.#.?.??..?.???#.#.?.??..?.???#.#.?.??..?.???#.#.?.??..
Found 1 arrangements
Processing row: ??#?#??.?????#?#??.?????#?#??.?????#?#??.?????#?#??.??
Found 162 arrangements
Processing row: ??..??##?#.???..??##?#.???..??##?#.???..??##?#.???..??##?#.
Found 162 arrangements
Processing row: ???#?????????????#?????????????#?????????????#?????????????#?????????
